<?xml version="1.0" encoding="UTF-8"?>
<testsuite xmlns:xsi="http://www.w3.org/2001/XMLSchema-instance" xsi:noNamespaceSchemaLocation="https://maven.apache.org/surefire/maven-surefire-plugin/xsd/surefire-test-report-3.0.xsd" version="3.0" name="com.cezarmorshid.productservice.ProductServiceApplicationTests" time="4.038" tests="1" errors="0" skipped="0" failures="0">
  <properties>
[...]
</properties>
  <testcase name="shouldCreateProduct" classname="com.cezarmorshid.productservice.ProductServiceApplicationTests" time="0.656">
    <system-out><![CDATA[16:14:15.933 [main] INFO org.springframework.test.context.support.AnnotationConfigContextLoaderUtils -- Could not detect default configuration classes for test class [com.cezarmorshid.productservice.ProductServiceApplicationTests]: ProductServiceApplicationTests does not declare any static, non-private, non-final, nested classes annotated with @Configuration.
16:14:15.990 [main] INFO org.springframework.boot.test.context.SpringBootTestContextBootstrapper -- Found @SpringBootConfiguration com.cezarmorshid.productservice.ProductServiceApplication for test class com.cezarmorshid.productservice.ProductServiceApplicationTests
16:14:16.051 [main] INFO org.testcontainers.images.PullPolicy -- Image pull policy will be performed by: DefaultPullPolicy()
16:14:16.052 [main] INFO org.testcontainers.utility.ImageNameSubstitutor -- Image name substitution will be performed by: DefaultImageNameSubstitutor (composite of 'ConfigurationFileImageNameSubstitutor' and 'PrefixingImageNameSubstitutor')
16:14:16.203 [main] INFO org.testcontainers.dockerclient.DockerClientProviderStrategy -- Loaded org.testcontainers.dockerclient.UnixSocketClientProviderStrategy from ~/.testcontainers.properties, will try it first
16:14:16.336 [main] INFO org.testcontainers.dockerclient.DockerClientProviderStrategy -- Found Docker environment with local Unix socket (unix:///var/run/docker.sock)
16:14:16.337 [main] INFO org.testcontainers.DockerClientFactory -- Docker host IP address is localhost
16:14:16.347 [main] INFO org.testcontainers.DockerClientFactory -- Connected to docker: 
  Server Version: 26.0.0
  API Version: 1.45
  Operating System: Ubuntu 22.04.4 LTS
  Total Memory: 15708 MB
16:14:16.362 [main] INFO tc.testcontainers/ryuk:0.6.0 -- Creating container for image: testcontainers/ryuk:0.6.0
16:14:16.452 [main] INFO tc.testcontainers/ryuk:0.6.0 -- Container testcontainers/ryuk:0.6.0 is starting: e87cb07b2aa6e7c8377ab9843d8ba37559ba75525dd61a93d27b800560fa9dab
16:14:16.790 [main] INFO tc.testcontainers/ryuk:0.6.0 -- Container testcontainers/ryuk:0.6.0 started in PT0.428117508S
16:14:16.793 [main] INFO org.testcontainers.utility.RyukResourceReaper -- Ryuk started - will monitor and terminate Testcontainers containers on JVM exit
16:14:16.793 [main] INFO org.testcontainers.DockerClientFactory -- Checking the system...
16:14:16.793 [main] INFO org.testcontainers.DockerClientFactory -- ✔︎ Docker server version should be at least 1.6.0
16:14:16.794 [main] INFO tc.mongo:4.4.2 -- Creating container for image: mongo:4.4.2
16:14:16.811 [main] INFO tc.mongo:4.4.2 -- Container mongo:4.4.2 is starting: 07cc34a5af42ea86f4b5554654c46c2c3d407e942e830c5fe42a7ad28d67cd50
16:14:17.244 [main] INFO tc.mongo:4.4.2 -- Container mongo:4.4.2 started in PT0.450211728S

  .   ____          _            __ _ _
 /\\ / ___'_ __ _ _(_)_ __  __ _ \ \ \ \
( ( )\___ | '_ | '_| | '_ \/ _` | \ \ \ \
 \\/  ___)| |_)| | | | | || (_| |  ) ) ) )
  '  |____| .__|_| |_|_| |_\__, | / / / /
 =========|_|==============|___/=/_/_/_/
&amp#27;[32m :: Spring Boot :: &amp#27;[39m              &amp#27;[2m (v3.2.4)&amp#27;[0;39m

&amp#27;[2m2024-04-04T16:14:17.632+03:00&amp#27;[0;39m &amp#27;[32m INFO&amp#27;[0;39m &amp#27;[35m17285&amp#27;[0;39m &amp#27;[2m---&amp#27;[0;39m &amp#27;[2m[product-service] [           main]&amp#27;[0;39m &amp#27;[2m&amp#27;[0;39m&amp#27;[36mc.c.p.ProductServiceApplicationTests    &amp#27;[0;39m &amp#27;[2m:&amp#27;[0;39m Starting ProductServiceApplicationTests using Java 22 with PID 17285 (started by programitech in /home/programitech/Developer/microservices-new/product-service)
&amp#27;[2m2024-04-04T16:14:17.633+03:00&amp#27;[0;39m &amp#27;[32m INFO&amp#27;[0;39m &amp#27;[35m17285&amp#27;[0;39m &amp#27;[2m---&amp#27;[0;39m &amp#27;[2m[product-service] [           main]&amp#27;[0;39m &amp#27;[2m&amp#27;[0;39m&amp#27;[36mc.c.p.ProductServiceApplicationTests    &amp#27;[0;39m &amp#27;[2m:&amp#27;[0;39m No active profile set, falling back to 1 default profile: "default"
&amp#27;[2m2024-04-04T16:14:17.944+03:00&amp#27;[0;39m &amp#27;[32m INFO&amp#27;[0;39m &amp#27;[35m17285&amp#27;[0;39m &amp#27;[2m---&amp#27;[0;39m &amp#27;[2m[product-service] [           main]&amp#27;[0;39m &amp#27;[2m&amp#27;[0;39m&amp#27;[36m.s.d.r.c.RepositoryConfigurationDelegate&amp#27;[0;39m &amp#27;[2m:&amp#27;[0;39m Bootstrapping Spring Data MongoDB repositories in DEFAULT mode.
&amp#27;[2m2024-04-04T16:14:17.984+03:00&amp#27;[0;39m &amp#27;[32m INFO&amp#27;[0;39m &amp#27;[35m17285&amp#27;[0;39m &amp#27;[2m---&amp#27;[0;39m &amp#27;[2m[product-service] [           main]&amp#27;[0;39m &amp#27;[2m&amp#27;[0;39m&amp#27;[36m.s.d.r.c.RepositoryConfigurationDelegate&amp#27;[0;39m &amp#27;[2m:&amp#27;[0;39m Finished Spring Data repository scanning in 37 ms. Found 1 MongoDB repository interface.
&amp#27;[2m2024-04-04T16:14:18.320+03:00&amp#27;[0;39m &amp#27;[32m INFO&amp#27;[0;39m &amp#27;[35m17285&amp#27;[0;39m &amp#27;[2m---&amp#27;[0;39m &amp#27;[2m[product-service] [           main]&amp#27;[0;39m &amp#27;[2m&amp#27;[0;39m&amp#27;[36morg.mongodb.driver.client               &amp#27;[0;39m &amp#27;[2m:&amp#27;[0;39m MongoClient with metadata {"driver": {"name": "mongo-java-driver|sync|spring-boot", "version": "4.11.1"}, "os": {"type": "Linux", "name": "Linux", "architecture": "amd64", "version": "6.5.0-26-generic"}, "platform": "Java/Oracle Corporation/22+36-2370"} created with settings MongoClientSettings{readPreference=primary, writeConcern=WriteConcern{w=null, wTimeout=null ms, journal=null}, retryWrites=true, retryReads=true, readConcern=ReadConcern{level=null}, credential=null, transportSettings=null, streamFactoryFactory=null, commandListeners=[], codecRegistry=ProvidersCodecRegistry{codecProviders=[ValueCodecProvider{}, BsonValueCodecProvider{}, DBRefCodecProvider{}, DBObjectCodecProvider{}, DocumentCodecProvider{}, CollectionCodecProvider{}, IterableCodecProvider{}, MapCodecProvider{}, GeoJsonCodecProvider{}, GridFSFileCodecProvider{}, Jsr310CodecProvider{}, JsonObjectCodecProvider{}, BsonCodecProvider{}, EnumCodecProvider{}, com.mongodb.client.model.mql.ExpressionCodecProvider@aca3c85, com.mongodb.Jep395RecordCodecProvider@45eab322, com.mongodb.KotlinCodecProvider@f017dd0]}, loggerSettings=LoggerSettings{maxDocumentLength=1000}, clusterSettings={hosts=[localhost:32771], srvServiceName=mongodb, mode=SINGLE, requiredClusterType=UNKNOWN, requiredReplicaSetName='null', serverSelector='null', clusterListeners='[]', serverSelectionTimeout='30000 ms', localThreshold='15 ms'}, socketSettings=SocketSettings{connectTimeoutMS=10000, readTimeoutMS=0, receiveBufferSize=0, proxySettings=ProxySettings{host=null, port=null, username=null, password=null}}, heartbeatSocketSettings=SocketSettings{connectTimeoutMS=10000, readTimeoutMS=10000, receiveBufferSize=0, proxySettings=ProxySettings{host=null, port=null, username=null, password=null}}, connectionPoolSettings=ConnectionPoolSettings{maxSize=100, minSize=0, maxWaitTimeMS=120000, maxConnectionLifeTimeMS=0, maxConnectionIdleTimeMS=0, maintenanceInitialDelayMS=0, maintenanceFrequencyMS=60000, connectionPoolListeners=[], maxConnecting=2}, serverSettings=ServerSettings{heartbeatFrequencyMS=10000, minHeartbeatFrequencyMS=500, serverListeners='[]', serverMonitorListeners='[]'}, sslSettings=SslSettings{enabled=false, invalidHostNameAllowed=false, context=null}, applicationName='null', compressorList=[], uuidRepresentation=JAVA_LEGACY, serverApi=null, autoEncryptionSettings=null, dnsClient=null, inetAddressResolver=null, contextProvider=null}
&amp#27;[2m2024-04-04T16:14:18.331+03:00&amp#27;[0;39m &amp#27;[32m INFO&amp#27;[0;39m &amp#27;[35m17285&amp#27;[0;39m &amp#27;[2m---&amp#27;[0;39m &amp#27;[2m[product-service] [localhost:32771]&amp#27;[0;39m &amp#27;[2m&amp#27;[0;39m&amp#27;[36morg.mongodb.driver.cluster              &amp#27;[0;39m &amp#27;[2m:&amp#27;[0;39m Monitor thread successfully connected to server with description ServerDescription{address=localhost:32771, type=REPLICA_SET_PRIMARY, state=CONNECTED, ok=true, minWireVersion=0, maxWireVersion=9, maxDocumentSize=16777216, logicalSessionTimeoutMinutes=30, roundTripTimeNanos=14949824, setName='docker-rs', canonicalAddress=07cc34a5af42:27017, hosts=[07cc34a5af42:27017], passives=[], arbiters=[], primary='07cc34a5af42:27017', tagSet=TagSet{[]}, electionId=7fffffff0000000000000001, setVersion=1, topologyVersion=TopologyVersion{processId=660ea7a9ddc8a3f8ad81f230, counter=6}, lastWriteDate=Thu Apr 04 16:14:17 EEST 2024, lastUpdateTimeNanos=6729350939338}
&amp#27;[2m2024-04-04T16:14:18.838+03:00&amp#27;[0;39m &amp#27;[32m INFO&amp#27;[0;39m &amp#27;[35m17285&amp#27;[0;39m &amp#27;[2m---&amp#27;[0;39m &amp#27;[2m[product-service] [           main]&amp#27;[0;39m &amp#27;[2m&amp#27;[0;39m&amp#27;[36mo.s.b.t.m.w.SpringBootMockServletContext&amp#27;[0;39m &amp#27;[2m:&amp#27;[0;39m Initializing Spring TestDispatcherServlet ''
&amp#27;[2m2024-04-04T16:14:18.838+03:00&amp#27;[0;39m &amp#27;[32m INFO&amp#27;[0;39m &amp#27;[35m17285&amp#27;[0;39m &amp#27;[2m---&amp#27;[0;39m &amp#27;[2m[product-service] [           main]&amp#27;[0;39m &amp#27;[2m&amp#27;[0;39m&amp#27;[36mo.s.t.web.servlet.TestDispatcherServlet &amp#27;[0;39m &amp#27;[2m:&amp#27;[0;39m Initializing Servlet ''
&amp#27;[2m2024-04-04T16:14:18.840+03:00&amp#27;[0;39m &amp#27;[32m INFO&amp#27;[0;39m &amp#27;[35m17285&amp#27;[0;39m &amp#27;[2m---&amp#27;[0;39m &amp#27;[2m[product-service] [           main]&amp#27;[0;39m &amp#27;[2m&amp#27;[0;39m&amp#27;[36mo.s.t.web.servlet.TestDispatcherServlet &amp#27;[0;39m &amp#27;[2m:&amp#27;[0;39m Completed initialization in 1 ms
&amp#27;[2m2024-04-04T16:14:18.861+03:00&amp#27;[0;39m &amp#27;[32m INFO&amp#27;[0;39m &amp#27;[35m17285&amp#27;[0;39m &amp#27;[2m---&amp#27;[0;39m &amp#27;[2m[product-service] [           main]&amp#27;[0;39m &amp#27;[2m&amp#27;[0;39m&amp#27;[36mc.c.p.ProductServiceApplicationTests    &amp#27;[0;39m &amp#27;[2m:&amp#27;[0;39m Started ProductServiceApplicationTests in 1.377 seconds (process running for 3.319)
&amp#27;[2m2024-04-04T16:14:19.504+03:00&amp#27;[0;39m &amp#27;[32m INFO&amp#27;[0;39m &amp#27;[35m17285&amp#27;[0;39m &amp#27;[2m---&amp#27;[0;39m &amp#27;[2m[product-service] [           main]&amp#27;[0;39m &amp#27;[2m&amp#27;[0;39m&amp#27;[36mc.c.p.service.ProductService            &amp#27;[0;39m &amp#27;[2m:&amp#27;[0;39m Product 660ea7ab1cfdb83a9124fa5c is saved
]]></system-out>
    <system-err><![CDATA[WARNING: A Java agent has been loaded dynamically (/home/programitech/.m2/repository/net/bytebuddy/byte-buddy-agent/1.14.12/byte-buddy-agent-1.14.12.jar)
WARNING: If a serviceability tool is in use, please run with -XX:+EnableDynamicAgentLoading to hide this warning
WARNING: If a serviceability tool is not in use, please run with -Djdk.instrument.traceUsage for more information
WARNING: Dynamic loading of agents will be disallowed by default in a future release
]]></system-err>
  </testcase>
</testsuite>